[1219/142700.246:ERROR:process_memory_win.cc(73)] ReadMemory at 0x1ef5aabe590 of 72 bytes failed: Only part of a ReadProcessMemory or WriteProcessMemory request was completed. (0x12B)
[1219/142700.247:WARNING:pe_image_annotations_reader.cc(134)] could not read annotations list object in C:\Program Files (x86)\Google\Chrome\Application\79.0.3945.79\chrome_elf.dll
[1219/142700.247:ERROR:process_memory_win.cc(73)] ReadMemory at 0x1ef5aea9650 of 72 bytes failed: Only part of a ReadProcessMemory or WriteProcessMemory request was completed. (0x12B)
[1219/142700.248:WARNING:pe_image_annotations_reader.cc(134)] could not read annotations list object in C:\Program Files (x86)\Google\Chrome\Application\79.0.3945.79\chrome_child.dll
[1219/142700.248:ERROR:process_memory_win.cc(73)] ReadMemory at 0x1ef5aca0000 of 64 bytes failed: Only part of a ReadProcessMemory or WriteProcessMemory request was completed. (0x12B)
[1219/142700.248:WARNING:pe_image_reader.cc(340)] could not read dos header from C:\WINDOWS\System32\OLEAUT32.dll
[1219/142700.248:ERROR:process_memory_win.cc(73)] ReadMemory at 0x1ef5aca0000 of 64 bytes failed: Only part of a ReadProcessMemory or WriteProcessMemory request was completed. (0x12B)
[1219/142700.248:WARNING:pe_image_reader.cc(340)] could not read dos header from C:\WINDOWS\System32\OLEAUT32.dll
[1219/142700.308:ERROR:process_memory_win.cc(73)] ReadMemory at 0x7ff650cf0000 of 64 bytes failed: Only part of a ReadProcessMemory or WriteProcessMemory request was completed. (0x12B)
[1219/142700.308:WARNING:pe_image_reader.cc(340)] could not read dos header from C:\Program Files (x86)\Google\Chrome\Application\chrome.exe
[1219/142700.308:ERROR:process_memory_win.cc(73)] ReadMemory at 0x7ff99f600000 of 64 bytes failed: Only part of a ReadProcessMemory or WriteProcessMemory request was completed. (0x12B)
[1219/142700.308:WARNING:pe_image_reader.cc(340)] could not read dos header from C:\WINDOWS\SYSTEM32\ntdll.dll
[1219/142700.308:ERROR:process_memory_win.cc(73)] ReadMemory at 0x7ff99f150000 of 64 bytes failed: Only part of a ReadProcessMemory or WriteProcessMemory request was completed. (0x12B)
[1219/142700.308:WARNING:pe_image_reader.cc(340)] could not read dos header from C:\WINDOWS\System32\KERNEL32.DLL
[1219/142700.308:ERROR:process_memory_win.cc(73)] ReadMemory at 0x7ff99cf10000 of 64 bytes failed: Only part of a ReadProcessMemory or WriteProcessMemory request was completed. (0x12B)
[1219/142700.308:WARNING:pe_image_reader.cc(340)] could not read dos header from C:\WINDOWS\System32\KERNELBASE.dll
[1219/142700.308:ERROR:process_memory_win.cc(73)] ReadMemory at 0x7ff987840000 of 64 bytes failed: Only part of a ReadProcessMemory or WriteProcessMemory request was completed. (0x12B)
[1219/142700.308:WARNING:pe_image_reader.cc(340)] could not read dos header from C:\Program Files (x86)\Google\Chrome\Application\79.0.3945.79\chrome_elf.dll
[1219/142700.308:ERROR:process_memory_win.cc(73)] ReadMemory at 0x7ff99b040000 of 64 bytes failed: Only part of a ReadProcessMemory or WriteProcessMemory request was completed. (0x12B)
[1219/142700.308:WARNING:pe_image_reader.cc(340)] could not read dos header from C:\WINDOWS\SYSTEM32\VERSION.dll
[1219/142700.308:ERROR:process_memory_win.cc(73)] ReadMemory at 0x7ff99f440000 of 64 bytes failed: Only part of a ReadProcessMemory or WriteProcessMemory request was completed. (0x12B)
[1219/142700.308:WARNING:pe_image_reader.cc(340)] could not read dos header from C:\WINDOWS\System32\msvcrt.dll
[1219/142700.308:ERROR:process_memory_win.cc(73)] ReadMemory at 0x7ff99cde0000 of 64 bytes failed: Only part of a ReadProcessMemory or WriteProcessMemory request was completed. (0x12B)
[1219/142700.308:WARNING:pe_image_reader.cc(340)] could not read dos header from C:\WINDOWS\System32\bcryptPrimitives.dll
[1219/142700.308:ERROR:process_memory_win.cc(73)] ReadMemory at 0x7ff99f510000 of 64 bytes failed: Only part of a ReadProcessMemory or WriteProcessMemory request was completed. (0x12B)
[1219/142700.308:WARNING:pe_image_reader.cc(340)] could not read dos header from C:\WINDOWS\System32\ADVAPI32.dll
[1219/142700.308:ERROR:process_memory_win.cc(73)] ReadMemory at 0x7ff99e4a0000 of 64 bytes failed: Only part of a ReadProcessMemory or WriteProcessMemory request was completed. (0x12B)
[1219/142700.308:WARNING:pe_image_reader.cc(340)] could not read dos header from C:\WINDOWS\System32\sechost.dll
[1219/142700.309:ERROR:process_memory_win.cc(73)] ReadMemory at 0x7ff99f030000 of 64 bytes failed: Only part of a ReadProcessMemory or WriteProcessMemory request was completed. (0x12B)
[1219/142700.309:WARNING:pe_image_reader.cc(340)] could not read dos header from C:\WINDOWS\System32\RPCRT4.dll
[1219/142700.309:ERROR:process_memory_win.cc(73)] ReadMemory at 0x7ff929050000 of 64 bytes failed: Only part of a ReadProcessMemory or WriteProcessMemory request was completed. (0x12B)
[1219/142700.309:WARNING:pe_image_reader.cc(340)] could not read dos header from C:\Program Files (x86)\Google\Chrome\Application\79.0.3945.79\chrome_child.dll
[1219/142700.309:ERROR:process_memory_win.cc(73)] ReadMemory at 0x1ef5aca0000 of 64 bytes failed: Only part of a ReadProcessMemory or WriteProcessMemory request was completed. (0x12B)
[1219/142700.309:WARNING:pe_image_reader.cc(340)] could not read dos header from C:\WINDOWS\System32\OLEAUT32.dll
[1219/142700.309:ERROR:process_memory_win.cc(73)] ReadMemory at 0x7ff99d510000 of 64 bytes failed: Only part of a ReadProcessMemory or WriteProcessMemory request was completed. (0x12B)
[1219/142700.309:WARNING:pe_image_reader.cc(340)] could not read dos header from C:\WINDOWS\System32\msvcp_win.dll
[1219/142700.309:ERROR:process_memory_win.cc(73)] ReadMemory at 0x7ff99d5b0000 of 64 bytes failed: Only part of a ReadProcessMemory or WriteProcessMemory request was completed. (0x12B)
[1219/142700.309:WARNING:pe_image_reader.cc(340)] could not read dos header from C:\WINDOWS\System32\ucrtbase.dll
[1219/142700.309:ERROR:process_memory_win.cc(73)] ReadMemory at 0x7ff99ecc0000 of 64 bytes failed: Only part of a ReadProcessMemory or WriteProcessMemory request was completed. (0x12B)
[1219/142700.309:WARNING:pe_image_reader.cc(340)] could not read dos header from C:\WINDOWS\System32\combase.dll
[1219/142700.309:ERROR:process_memory_win.cc(73)] ReadMemory at 0x7ff99e560000 of 64 bytes failed: Only part of a ReadProcessMemory or WriteProcessMemory request was completed. (0x12B)
[1219/142700.309:WARNING:pe_image_reader.cc(340)] could not read dos header from C:\WINDOWS\System32\WS2_32.dll
[1219/142700.309:ERROR:process_memory_win.cc(73)] ReadMemory at 0x7ff99ce60000 of 64 bytes failed: Only part of a ReadProcessMemory or WriteProcessMemory request was completed. (0x12B)
[1219/142700.309:WARNING:pe_image_reader.cc(340)] could not read dos header from C:\WINDOWS\System32\WINTRUST.dll
[1219/142700.309:ERROR:process_memory_win.cc(73)] ReadMemory at 0x7ff99c520000 of 64 bytes failed: Only part of a ReadProcessMemory or WriteProcessMemory request was completed. (0x12B)
[1219/142700.309:WARNING:pe_image_reader.cc(340)] could not read dos header from C:\WINDOWS\System32\MSASN1.dll
[1219/142700.309:ERROR:process_memory_win.cc(73)] ReadMemory at 0x7ff99d390000 of 64 bytes failed: Only part of a ReadProcessMemory or WriteProcessMemory request was completed. (0x12B)
[1219/142700.309:WARNING:pe_image_reader.cc(340)] could not read dos header from C:\WINDOWS\System32\CRYPT32.dll
[1219/142700.309:ERROR:process_memory_win.cc(73)] ReadMemory at 0x7ff99b9f0000 of 64 bytes failed: Only part of a ReadProcessMemory or WriteProcessMemory request was completed. (0x12B)
[1219/142700.309:WARNING:pe_image_reader.cc(340)] could not read dos header from C:\WINDOWS\SYSTEM32\IPHLPAPI.DLL
[1219/142700.309:ERROR:process_memory_win.cc(73)] ReadMemory at 0x7ff999c20000 of 64 bytes failed: Only part of a ReadProcessMemory or WriteProcessMemory request was completed. (0x12B)
[1219/142700.309:WARNING:pe_image_reader.cc(340)] could not read dos header from C:\WINDOWS\SYSTEM32\WINMM.dll
[1219/142700.309:ERROR:process_memory_win.cc(73)] ReadMemory at 0x7ff99c3c0000 of 64 bytes failed: Only part of a ReadProcessMemory or WriteProcessMemory request was completed. (0x12B)
[1219/142700.309:WARNING:pe_image_reader.cc(340)] could not read dos header from C:\WINDOWS\SYSTEM32\USERENV.dll
[1219/142700.309:ERROR:process_memory_win.cc(73)] ReadMemory at 0x7ff99c4e0000 of 64 bytes failed: Only part of a ReadProcessMemory or WriteProcessMemory request was completed. (0x12B)
[1219/142700.309:WARNING:pe_image_reader.cc(340)] could not read dos header from C:\WINDOWS\System32\profapi.dll
[1219/142700.309:ERROR:process_memory_win.cc(73)] ReadMemory at 0x7ff980ae0000 of 64 bytes failed: Only part of a ReadProcessMemory or WriteProcessMemory request was completed. (0x12B)
[1219/142700.309:WARNING:pe_image_reader.cc(340)] could not read dos header from C:\WINDOWS\SYSTEM32\DWrite.dll
[1219/142700.309:ERROR:process_memory_win.cc(73)] ReadMemory at 0x7ff991c40000 of 64 bytes failed: Only part of a ReadProcessMemory or WriteProcessMemory request was completed. (0x12B)
[1219/142700.309:WARNING:pe_image_reader.cc(340)] could not read dos header from C:\WINDOWS\SYSTEM32\WINSPOOL.DRV
[1219/142700.309:ERROR:process_memory_win.cc(73)] ReadMemory at 0x7ff99c500000 of 64 bytes failed: Only part of a ReadProcessMemory or WriteProcessMemory request was completed. (0x12B)
[1219/142700.309:WARNING:pe_image_reader.cc(340)] could not read dos header from C:\WINDOWS\System32\kernel.appcore.dll
[1219/142700.309:ERROR:process_memory_win.cc(73)] ReadMemory at 0x7ff99d4e0000 of 64 bytes failed: Only part of a ReadProcessMemory or WriteProcessMemory request was completed. (0x12B)
[1219/142700.309:WARNING:pe_image_reader.cc(340)] could not read dos header from C:\WINDOWS\System32\bcrypt.dll
[1219/142700.309:ERROR:process_memory_win.cc(73)] ReadMemory at 0x7ff99a1a0000 of 64 bytes failed: Only part of a ReadProcessMemory or WriteProcessMemory request was completed. (0x12B)
[1219/142700.309:WARNING:pe_image_reader.cc(340)] could not read dos header from C:\WINDOWS\SYSTEM32\dbghelp.dll
[1219/142700.309:ERROR:process_memory_win.cc(73)] ReadMemory at 0x7ff989c10000 of 64 bytes failed: Only part of a ReadProcessMemory or WriteProcessMemory request was completed. (0x12B)
[1219/142700.309:WARNING:pe_image_reader.cc(340)] could not read dos header from C:\WINDOWS\SYSTEM32\Secur32.dll
[1219/142700.310:ERROR:process_memory_win.cc(73)] ReadMemory at 0x7ff992f40000 of 64 bytes failed: Only part of a ReadProcessMemory or WriteProcessMemory request was completed. (0x12B)
[1219/142700.310:WARNING:pe_image_reader.cc(340)] could not read dos header from C:\WINDOWS\SYSTEM32\WINHTTP.dll
[1219/142700.310:ERROR:process_memory_win.cc(73)] ReadMemory at 0x7ff994fc0000 of 64 bytes failed: Only part of a ReadProcessMemory or WriteProcessMemory request was completed. (0x12B)
[1219/142700.310:WARNING:pe_image_reader.cc(340)] could not read dos header from C:\WINDOWS\SYSTEM32\dhcpcsvc.DLL
[1219/142700.310:ERROR:process_memory_win.cc(73)] ReadMemory at 0x7ff99ecb0000 of 64 bytes failed: Only part of a ReadProcessMemory or WriteProcessMemory request was completed. (0x12B)
[1219/142700.310:WARNING:pe_image_reader.cc(340)] could not read dos header from C:\WINDOWS\System32\NSI.dll
[1219/142700.310:ERROR:process_memory_win.cc(73)] ReadMemory at 0x7ff999880000 of 64 bytes failed: Only part of a ReadProcessMemory or WriteProcessMemory request was completed. (0x12B)
[1219/142700.310:WARNING:pe_image_reader.cc(340)] could not read dos header from C:\WINDOWS\SYSTEM32\WINMMBASE.dll
[1219/142700.310:ERROR:process_memory_win.cc(73)] ReadMemory at 0x7ff99cec0000 of 64 bytes failed: Only part of a ReadProcessMemory or WriteProcessMemory request was completed. (0x12B)
[1219/142700.310:WARNING:pe_image_reader.cc(340)] could not read dos header from C:\WINDOWS\System32\cfgmgr32.dll
[1219/142700.310:ERROR:process_memory_win.cc(73)] ReadMemory at 0x7ff99adf0000 of 64 bytes failed: Only part of a ReadProcessMemory or WriteProcessMemory request was completed. (0x12B)
[1219/142700.310:WARNING:pe_image_reader.cc(340)] could not read dos header from C:\WINDOWS\SYSTEM32\PROPSYS.dll
[1219/142700.310:ERROR:process_memory_win.cc(73)] ReadMemory at 0x7ff99e5e0000 of 64 bytes failed: Only part of a ReadProcessMemory or WriteProcessMemory request was completed. (0x12B)
[1219/142700.310:WARNING:pe_image_reader.cc(340)] could not read dos header from C:\WINDOWS\System32\shcore.dll
[1219/142700.310:ERROR:process_memory_win.cc(73)] ReadMemory at 0x7ff99c3f0000 of 64 bytes failed: Only part of a ReadProcessMemory or WriteProcessMemory request was completed. (0x12B)
[1219/142700.310:WARNING:pe_image_reader.cc(340)] could not read dos header from C:\WINDOWS\SYSTEM32\SSPICLI.DLL
[1219/142700.310:ERROR:process_memory_win.cc(73)] ReadMemory at 0x7ff99beb0000 of 64 bytes failed: Only part of a ReadProcessMemory or WriteProcessMemory request was completed. (0x12B)
[1219/142700.310:WARNING:pe_image_reader.cc(340)] could not read dos header from C:\WINDOWS\SYSTEM32\CRYPTBASE.DLL
[1219/142700.310:ERROR:process_memory_win.cc(73)] ReadMemory at 0x7ff650cf0000 of 64 bytes failed: Only part of a ReadProcessMemory or WriteProcessMemory request was completed. (0x12B)
[1219/142700.310:WARNING:pe_image_reader.cc(340)] could not read dos header from C:\Program Files (x86)\Google\Chrome\Application\chrome.exe
[1219/142700.310:ERROR:process_memory_win.cc(73)] ReadMemory at 0x7ff99f600000 of 64 bytes failed: Only part of a ReadProcessMemory or WriteProcessMemory request was completed. (0x12B)
[1219/142700.310:WARNING:pe_image_reader.cc(340)] could not read dos header from C:\WINDOWS\SYSTEM32\ntdll.dll
[1219/142700.310:ERROR:process_memory_win.cc(73)] ReadMemory at 0x7ff99f150000 of 64 bytes failed: Only part of a ReadProcessMemory or WriteProcessMemory request was completed. (0x12B)
[1219/142700.310:WARNING:pe_image_reader.cc(340)] could not read dos header from C:\WINDOWS\System32\KERNEL32.DLL
[1219/142700.310:ERROR:process_memory_win.cc(73)] ReadMemory at 0x7ff99cf10000 of 64 bytes failed: Only part of a ReadProcessMemory or WriteProcessMemory request was completed. (0x12B)
[1219/142700.310:WARNING:pe_image_reader.cc(340)] could not read dos header from C:\WINDOWS\System32\KERNELBASE.dll
[1219/142700.310:ERROR:process_memory_win.cc(73)] ReadMemory at 0x7ff987840000 of 64 bytes failed: Only part of a ReadProcessMemory or WriteProcessMemory request was completed. (0x12B)
[1219/142700.310:WARNING:pe_image_reader.cc(340)] could not read dos header from C:\Program Files (x86)\Google\Chrome\Application\79.0.3945.79\chrome_elf.dll
[1219/142700.311:ERROR:process_memory_win.cc(73)] ReadMemory at 0x7ff99b040000 of 64 bytes failed: Only part of a ReadProcessMemory or WriteProcessMemory request was completed. (0x12B)
[1219/142700.311:WARNING:pe_image_reader.cc(340)] could not read dos header from C:\WINDOWS\SYSTEM32\VERSION.dll
[1219/142700.311:ERROR:process_memory_win.cc(73)] ReadMemory at 0x7ff99f440000 of 64 bytes failed: Only part of a ReadProcessMemory or WriteProcessMemory request was completed. (0x12B)
[1219/142700.311:WARNING:pe_image_reader.cc(340)] could not read dos header from C:\WINDOWS\System32\msvcrt.dll
[1219/142700.311:ERROR:process_memory_win.cc(73)] ReadMemory at 0x7ff99cde0000 of 64 bytes failed: Only part of a ReadProcessMemory or WriteProcessMemory request was completed. (0x12B)
[1219/142700.311:WARNING:pe_image_reader.cc(340)] could not read dos header from C:\WINDOWS\System32\bcryptPrimitives.dll
[1219/142700.311:ERROR:process_memory_win.cc(73)] ReadMemory at 0x7ff99f510000 of 64 bytes failed: Only part of a ReadProcessMemory or WriteProcessMemory request was completed. (0x12B)
[1219/142700.311:WARNING:pe_image_reader.cc(340)] could not read dos header from C:\WINDOWS\System32\ADVAPI32.dll
[1219/142700.311:ERROR:process_memory_win.cc(73)] ReadMemory at 0x7ff99e4a0000 of 64 bytes failed: Only part of a ReadProcessMemory or WriteProcessMemory request was completed. (0x12B)
[1219/142700.311:WARNING:pe_image_reader.cc(340)] could not read dos header from C:\WINDOWS\System32\sechost.dll
[1219/142700.311:ERROR:process_memory_win.cc(73)] ReadMemory at 0x7ff99f030000 of 64 bytes failed: Only part of a ReadProcessMemory or WriteProcessMemory request was completed. (0x12B)
[1219/142700.311:WARNING:pe_image_reader.cc(340)] could not read dos header from C:\WINDOWS\System32\RPCRT4.dll
[1219/142700.311:ERROR:process_memory_win.cc(73)] ReadMemory at 0x7ff929050000 of 64 bytes failed: Only part of a ReadProcessMemory or WriteProcessMemory request was completed. (0x12B)
[1219/142700.311:WARNING:pe_image_reader.cc(340)] could not read dos header from C:\Program Files (x86)\Google\Chrome\Application\79.0.3945.79\chrome_child.dll
[1219/142700.311:ERROR:process_memory_win.cc(73)] ReadMemory at 0x1ef5aca0000 of 64 bytes failed: Only part of a ReadProcessMemory or WriteProcessMemory request was completed. (0x12B)
[1219/142700.311:WARNING:pe_image_reader.cc(340)] could not read dos header from C:\WINDOWS\System32\OLEAUT32.dll
[1219/142700.311:ERROR:process_memory_win.cc(73)] ReadMemory at 0x7ff99d510000 of 64 bytes failed: Only part of a ReadProcessMemory or WriteProcessMemory request was completed. (0x12B)
[1219/142700.311:WARNING:pe_image_reader.cc(340)] could not read dos header from C:\WINDOWS\System32\msvcp_win.dll
[1219/142700.311:ERROR:process_memory_win.cc(73)] ReadMemory at 0x7ff99d5b0000 of 64 bytes failed: Only part of a ReadProcessMemory or WriteProcessMemory request was completed. (0x12B)
[1219/142700.311:WARNING:pe_image_reader.cc(340)] could not read dos header from C:\WINDOWS\System32\ucrtbase.dll
[1219/142700.311:ERROR:process_memory_win.cc(73)] ReadMemory at 0x7ff99ecc0000 of 64 bytes failed: Only part of a ReadProcessMemory or WriteProcessMemory request was completed. (0x12B)
[1219/142700.311:WARNING:pe_image_reader.cc(340)] could not read dos header from C:\WINDOWS\System32\combase.dll
[1219/142700.311:ERROR:process_memory_win.cc(73)] ReadMemory at 0x7ff99e560000 of 64 bytes failed: Only part of a ReadProcessMemory or WriteProcessMemory request was completed. (0x12B)
[1219/142700.311:WARNING:pe_image_reader.cc(340)] could not read dos header from C:\WINDOWS\System32\WS2_32.dll
[1219/142700.311:ERROR:process_memory_win.cc(73)] ReadMemory at 0x7ff99ce60000 of 64 bytes failed: Only part of a ReadProcessMemory or WriteProcessMemory request was completed. (0x12B)
[1219/142700.311:WARNING:pe_image_reader.cc(340)] could not read dos header from C:\WINDOWS\System32\WINTRUST.dll
[1219/142700.311:ERROR:process_memory_win.cc(73)] ReadMemory at 0x7ff99c520000 of 64 bytes failed: Only part of a ReadProcessMemory or WriteProcessMemory request was completed. (0x12B)
[1219/142700.311:WARNING:pe_image_reader.cc(340)] could not read dos header from C:\WINDOWS\System32\MSASN1.dll
[1219/142700.311:ERROR:process_memory_win.cc(73)] ReadMemory at 0x7ff99d390000 of 64 bytes failed: Only part of a ReadProcessMemory or WriteProcessMemory request was completed. (0x12B)
[1219/142700.311:WARNING:pe_image_reader.cc(340)] could not read dos header from C:\WINDOWS\System32\CRYPT32.dll
[1219/142700.311:ERROR:process_memory_win.cc(73)] ReadMemory at 0x7ff99b9f0000 of 64 bytes failed: Only part of a ReadProcessMemory or WriteProcessMemory request was completed. (0x12B)
[1219/142700.311:WARNING:pe_image_reader.cc(340)] could not read dos header from C:\WINDOWS\SYSTEM32\IPHLPAPI.DLL
[1219/142700.311:ERROR:process_memory_win.cc(73)] ReadMemory at 0x7ff999c20000 of 64 bytes failed: Only part of a ReadProcessMemory or WriteProcessMemory request was completed. (0x12B)
[1219/142700.311:WARNING:pe_image_reader.cc(340)] could not read dos header from C:\WINDOWS\SYSTEM32\WINMM.dll
[1219/142700.311:ERROR:process_memory_win.cc(73)] ReadMemory at 0x7ff99c3c0000 of 64 bytes failed: Only part of a ReadProcessMemory or WriteProcessMemory request was completed. (0x12B)
[1219/142700.311:WARNING:pe_image_reader.cc(340)] could not read dos header from C:\WINDOWS\SYSTEM32\USERENV.dll
[1219/142700.311:ERROR:process_memory_win.cc(73)] ReadMemory at 0x7ff99c4e0000 of 64 bytes failed: Only part of a ReadProcessMemory or WriteProcessMemory request was completed. (0x12B)
[1219/142700.312:WARNING:pe_image_reader.cc(340)] could not read dos header from C:\WINDOWS\System32\profapi.dll
[1219/142700.312:ERROR:process_memory_win.cc(73)] ReadMemory at 0x7ff980ae0000 of 64 bytes failed: Only part of a ReadProcessMemory or WriteProcessMemory request was completed. (0x12B)
[1219/142700.312:WARNING:pe_image_reader.cc(340)] could not read dos header from C:\WINDOWS\SYSTEM32\DWrite.dll
[1219/142700.312:ERROR:process_memory_win.cc(73)] ReadMemory at 0x7ff991c40000 of 64 bytes failed: Only part of a ReadProcessMemory or WriteProcessMemory request was completed. (0x12B)
[1219/142700.312:WARNING:pe_image_reader.cc(340)] could not read dos header from C:\WINDOWS\SYSTEM32\WINSPOOL.DRV
[1219/142700.312:ERROR:process_memory_win.cc(73)] ReadMemory at 0x7ff99c500000 of 64 bytes failed: Only part of a ReadProcessMemory or WriteProcessMemory request was completed. (0x12B)
[1219/142700.312:WARNING:pe_image_reader.cc(340)] could not read dos header from C:\WINDOWS\System32\kernel.appcore.dll
[1219/142700.312:ERROR:process_memory_win.cc(73)] ReadMemory at 0x7ff99d4e0000 of 64 bytes failed: Only part of a ReadProcessMemory or WriteProcessMemory request was completed. (0x12B)
[1219/142700.312:WARNING:pe_image_reader.cc(340)] could not read dos header from C:\WINDOWS\System32\bcrypt.dll
[1219/142700.312:ERROR:process_memory_win.cc(73)] ReadMemory at 0x7ff99a1a0000 of 64 bytes failed: Only part of a ReadProcessMemory or WriteProcessMemory request was completed. (0x12B)
[1219/142700.312:WARNING:pe_image_reader.cc(340)] could not read dos header from C:\WINDOWS\SYSTEM32\dbghelp.dll
[1219/142700.312:ERROR:process_memory_win.cc(73)] ReadMemory at 0x7ff989c10000 of 64 bytes failed: Only part of a ReadProcessMemory or WriteProcessMemory request was completed. (0x12B)
[1219/142700.312:WARNING:pe_image_reader.cc(340)] could not read dos header from C:\WINDOWS\SYSTEM32\Secur32.dll
[1219/142700.312:ERROR:process_memory_win.cc(73)] ReadMemory at 0x7ff992f40000 of 64 bytes failed: Only part of a ReadProcessMemory or WriteProcessMemory request was completed. (0x12B)
[1219/142700.312:WARNING:pe_image_reader.cc(340)] could not read dos header from C:\WINDOWS\SYSTEM32\WINHTTP.dll
[1219/142700.312:ERROR:process_memory_win.cc(73)] ReadMemory at 0x7ff994fc0000 of 64 bytes failed: Only part of a ReadProcessMemory or WriteProcessMemory request was completed. (0x12B)
[1219/142700.312:WARNING:pe_image_reader.cc(340)] could not read dos header from C:\WINDOWS\SYSTEM32\dhcpcsvc.DLL
[1219/142700.312:ERROR:process_memory_win.cc(73)] ReadMemory at 0x7ff99ecb0000 of 64 bytes failed: Only part of a ReadProcessMemory or WriteProcessMemory request was completed. (0x12B)
[1219/142700.312:WARNING:pe_image_reader.cc(340)] could not read dos header from C:\WINDOWS\System32\NSI.dll
[1219/142700.312:ERROR:process_memory_win.cc(73)] ReadMemory at 0x7ff999880000 of 64 bytes failed: Only part of a ReadProcessMemory or WriteProcessMemory request was completed. (0x12B)
[1219/142700.312:WARNING:pe_image_reader.cc(340)] could not read dos header from C:\WINDOWS\SYSTEM32\WINMMBASE.dll
[1219/142700.312:ERROR:process_memory_win.cc(73)] ReadMemory at 0x7ff99cec0000 of 64 bytes failed: Only part of a ReadProcessMemory or WriteProcessMemory request was completed. (0x12B)
[1219/142700.312:WARNING:pe_image_reader.cc(340)] could not read dos header from C:\WINDOWS\System32\cfgmgr32.dll
[1219/142700.312:ERROR:process_memory_win.cc(73)] ReadMemory at 0x7ff99adf0000 of 64 bytes failed: Only part of a ReadProcessMemory or WriteProcessMemory request was completed. (0x12B)
[1219/142700.312:WARNING:pe_image_reader.cc(340)] could not read dos header from C:\WINDOWS\SYSTEM32\PROPSYS.dll
[1219/142700.312:ERROR:process_memory_win.cc(73)] ReadMemory at 0x7ff99e5e0000 of 64 bytes failed: Only part of a ReadProcessMemory or WriteProcessMemory request was completed. (0x12B)
[1219/142700.312:WARNING:pe_image_reader.cc(340)] could not read dos header from C:\WINDOWS\System32\shcore.dll
[1219/142700.312:ERROR:process_memory_win.cc(73)] ReadMemory at 0x7ff99c3f0000 of 64 bytes failed: Only part of a ReadProcessMemory or WriteProcessMemory request was completed. (0x12B)
[1219/142700.312:WARNING:pe_image_reader.cc(340)] could not read dos header from C:\WINDOWS\SYSTEM32\SSPICLI.DLL
[1219/142700.312:ERROR:process_memory_win.cc(73)] ReadMemory at 0x7ff99beb0000 of 64 bytes failed: Only part of a ReadProcessMemory or WriteProcessMemory request was completed. (0x12B)
[1219/142700.312:WARNING:pe_image_reader.cc(340)] could not read dos header from C:\WINDOWS\SYSTEM32\CRYPTBASE.DLL
[1219/142700.342:ERROR:process_memory_win.cc(73)] ReadMemory at 0x61093f9000 of 28672 bytes failed: Only part of a ReadProcessMemory or WriteProcessMemory request was completed. (0x12B)
[1219/142700.343:ERROR:process_memory_win.cc(73)] ReadMemory at 0x6109bfd000 of 12288 bytes failed: Only part of a ReadProcessMemory or WriteProcessMemory request was completed. (0x12B)
[1219/142700.343:ERROR:process_memory_win.cc(73)] ReadMemory at 0x610a3fd000 of 12288 bytes failed: Only part of a ReadProcessMemory or WriteProcessMemory request was completed. (0x12B)
[1219/142700.343:ERROR:process_memory_win.cc(73)] ReadMemory at 0x610abfc000 of 16384 bytes failed: Only part of a ReadProcessMemory or WriteProcessMemory request was completed. (0x12B)
[1219/142700.343:ERROR:process_memory_win.cc(73)] ReadMemory at 0x610b3fb000 of 20480 bytes failed: Only part of a ReadProcessMemory or WriteProcessMemory request was completed. (0x12B)
[1219/142700.344:ERROR:process_memory_win.cc(73)] ReadMemory at 0x610bbfe000 of 8192 bytes failed: Only part of a ReadProcessMemory or WriteProcessMemory request was completed. (0x12B)
[1219/142700.344:ERROR:process_memory_win.cc(73)] ReadMemory at 0x610c3fd000 of 12288 bytes failed: Only part of a ReadProcessMemory or WriteProcessMemory request was completed. (0x12B)
[1219/142700.344:ERROR:process_memory_win.cc(73)] ReadMemory at 0x610cbfc000 of 16384 bytes failed: Only part of a ReadProcessMemory or WriteProcessMemory request was completed. (0x12B)
[1219/142700.344:ERROR:process_memory_win.cc(73)] ReadMemory at 0x610d3fd000 of 12288 bytes failed: Only part of a ReadProcessMemory or WriteProcessMemory request was completed. (0x12B)
[1219/142700.344:ERROR:process_memory_win.cc(73)] ReadMemory at 0x610dbfd000 of 12288 bytes failed: Only part of a ReadProcessMemory or WriteProcessMemory request was completed. (0x12B)
[1219/142700.344:ERROR:process_memory_win.cc(73)] ReadMemory at 0x610e3fd000 of 12288 bytes failed: Only part of a ReadProcessMemory or WriteProcessMemory request was completed. (0x12B)
[1219/142700.344:ERROR:process_memory_win.cc(73)] ReadMemory at 0x610ebfd000 of 12288 bytes failed: Only part of a ReadProcessMemory or WriteProcessMemory request was completed. (0x12B)
[1219/142700.344:ERROR:process_memory_win.cc(73)] ReadMemory at 0x610f3fd000 of 12288 bytes failed: Only part of a ReadProcessMemory or WriteProcessMemory request was completed. (0x12B)
[1219/142700.345:ERROR:process_memory_win.cc(73)] ReadMemory at 0x610fbfd000 of 12288 bytes failed: Only part of a ReadProcessMemory or WriteProcessMemory request was completed. (0x12B)
[1219/142700.345:ERROR:process_memory_win.cc(73)] ReadMemory at 0x61103fd000 of 12288 bytes failed: Only part of a ReadProcessMemory or WriteProcessMemory request was completed. (0x12B)
[1219/142700.345:ERROR:process_memory_win.cc(73)] ReadMemory at 0x6110bfd000 of 12288 bytes failed: Only part of a ReadProcessMemory or WriteProcessMemory request was completed. (0x12B)
[1219/142700.345:ERROR:process_memory_win.cc(73)] ReadMemory at 0x61113fd000 of 12288 bytes failed: Only part of a ReadProcessMemory or WriteProcessMemory request was completed. (0x12B)
[1219/142700.345:ERROR:process_memory_win.cc(73)] ReadMemory at 0x6111bfd000 of 12288 bytes failed: Only part of a ReadProcessMemory or WriteProcessMemory request was completed. (0x12B)
[1219/142700.345:ERROR:process_memory_win.cc(73)] ReadMemory at 0x61123fd000 of 12288 bytes failed: Only part of a ReadProcessMemory or WriteProcessMemory request was completed. (0x12B)
[1219/142700.345:ERROR:process_memory_win.cc(73)] ReadMemory at 0x6112bfd000 of 12288 bytes failed: Only part of a ReadProcessMemory or WriteProcessMemory request was completed. (0x12B)
[1219/142700.345:ERROR:process_memory_win.cc(73)] ReadMemory at 0x61133fd000 of 12288 bytes failed: Only part of a ReadProcessMemory or WriteProcessMemory request was completed. (0x12B)
[1219/142700.346:ERROR:process_memory_win.cc(73)] ReadMemory at 0x6108ae9000 of 852 bytes failed: Only part of a ReadProcessMemory or WriteProcessMemory request was completed. (0x12B)
[1219/142700.346:ERROR:process_memory_win.cc(73)] ReadMemory at 0x6108aea000 of 6024 bytes failed: Only part of a ReadProcessMemory or WriteProcessMemory request was completed. (0x12B)
[1219/142700.346:ERROR:process_memory_win.cc(73)] ReadMemory at 0x6108aec000 of 6024 bytes failed: Only part of a ReadProcessMemory or WriteProcessMemory request was completed. (0x12B)
[1219/142700.346:ERROR:process_memory_win.cc(73)] ReadMemory at 0x6108aee000 of 6024 bytes failed: Only part of a ReadProcessMemory or WriteProcessMemory request was completed. (0x12B)
[1219/142700.346:ERROR:process_memory_win.cc(73)] ReadMemory at 0x6108af0000 of 6024 bytes failed: Only part of a ReadProcessMemory or WriteProcessMemory request was completed. (0x12B)
[1219/142700.346:ERROR:process_memory_win.cc(73)] ReadMemory at 0x6108af2000 of 6024 bytes failed: Only part of a ReadProcessMemory or WriteProcessMemory request was completed. (0x12B)
[1219/142700.346:ERROR:process_memory_win.cc(73)] ReadMemory at 0x6108af4000 of 6024 bytes failed: Only part of a ReadProcessMemory or WriteProcessMemory request was completed. (0x12B)
[1219/142700.346:ERROR:process_memory_win.cc(73)] ReadMemory at 0x6108af6000 of 6024 bytes failed: Only part of a ReadProcessMemory or WriteProcessMemory request was completed. (0x12B)
[1219/142700.347:ERROR:process_memory_win.cc(73)] ReadMemory at 0x6108af8000 of 6024 bytes failed: Only part of a ReadProcessMemory or WriteProcessMemory request was completed. (0x12B)
[1219/142700.347:ERROR:process_memory_win.cc(73)] ReadMemory at 0x6108afa000 of 6024 bytes failed: Only part of a ReadProcessMemory or WriteProcessMemory request was completed. (0x12B)
[1219/142700.347:ERROR:process_memory_win.cc(73)] ReadMemory at 0x6108afc000 of 6024 bytes failed: Only part of a ReadProcessMemory or WriteProcessMemory request was completed. (0x12B)
[1219/142700.347:ERROR:process_memory_win.cc(73)] ReadMemory at 0x6108afe000 of 6024 bytes failed: Only part of a ReadProcessMemory or WriteProcessMemory request was completed. (0x12B)
[1219/142700.347:ERROR:process_memory_win.cc(73)] ReadMemory at 0x6108b00000 of 6024 bytes failed: Only part of a ReadProcessMemory or WriteProcessMemory request was completed. (0x12B)
[1219/142700.347:ERROR:process_memory_win.cc(73)] ReadMemory at 0x6108b02000 of 6024 bytes failed: Only part of a ReadProcessMemory or WriteProcessMemory request was completed. (0x12B)
[1219/142700.347:ERROR:process_memory_win.cc(73)] ReadMemory at 0x6108b04000 of 6024 bytes failed: Only part of a ReadProcessMemory or WriteProcessMemory request was completed. (0x12B)
[1219/142700.347:ERROR:process_memory_win.cc(73)] ReadMemory at 0x6108b06000 of 6024 bytes failed: Only part of a ReadProcessMemory or WriteProcessMemory request was completed. (0x12B)
[1219/142700.348:ERROR:process_memory_win.cc(73)] ReadMemory at 0x6108b08000 of 6024 bytes failed: Only part of a ReadProcessMemory or WriteProcessMemory request was completed. (0x12B)
[1219/142700.348:ERROR:process_memory_win.cc(73)] ReadMemory at 0x6108b0a000 of 6024 bytes failed: Only part of a ReadProcessMemory or WriteProcessMemory request was completed. (0x12B)
[1219/142700.348:ERROR:process_memory_win.cc(73)] ReadMemory at 0x6108b0c000 of 6024 bytes failed: Only part of a ReadProcessMemory or WriteProcessMemory request was completed. (0x12B)
[1219/142700.348:ERROR:process_memory_win.cc(73)] ReadMemory at 0x6108b0e000 of 6024 bytes failed: Only part of a ReadProcessMemory or WriteProcessMemory request was completed. (0x12B)
[1219/142700.348:ERROR:process_memory_win.cc(73)] ReadMemory at 0x6108b10000 of 6024 bytes failed: Only part of a ReadProcessMemory or WriteProcessMemory request was completed. (0x12B)
[1219/142700.350:ERROR:process_memory_win.cc(73)] ReadMemory at 0x6108b12000 of 6024 bytes failed: Only part of a ReadProcessMemory or WriteProcessMemory request was completed. (0x12B)
[1219/142700.350:ERROR:process_memory_win.cc(73)] ReadMemory at 0x1ef5a880750 of 80 bytes failed: Only part of a ReadProcessMemory or WriteProcessMemory request was completed. (0x12B)
[1219/142700.350:ERROR:process_memory_win.cc(73)] ReadMemory at 0x1ef5a880fe0 of 25560 bytes failed: Only part of a ReadProcessMemory or WriteProcessMemory request was completed. (0x12B)
[1219/142700.351:ERROR:process_memory_win.cc(73)] ReadMemory at 0x1ef5a8873c0 of 1012 bytes failed: Only part of a ReadProcessMemory or WriteProcessMemory request was completed. (0x12B)
[1219/142700.351:ERROR:process_memory_win.cc(73)] ReadMemory at 0x1ef5a887a08 of 118 bytes failed: Only part of a ReadProcessMemory or WriteProcessMemory request was completed. (0x12B)
[1219/142700.351:ERROR:process_memory_win.cc(73)] ReadMemory at 0x1ef5a887a80 of 900 bytes failed: Only part of a ReadProcessMemory or WriteProcessMemory request was completed. (0x12B)
[1219/142700.351:ERROR:process_memory_win.cc(73)] ReadMemory at 0x1ef5a887e06 of 118 bytes failed: Only part of a ReadProcessMemory or WriteProcessMemory request was completed. (0x12B)
[1219/142700.351:ERROR:process_memory_win.cc(73)] ReadMemory at 0x1ef5a887e7e of 96 bytes failed: Only part of a ReadProcessMemory or WriteProcessMemory request was completed. (0x12B)
[1219/142700.351:ERROR:process_memory_win.cc(73)] ReadMemory at 0x1ef5a887ef0 of 58 bytes failed: Only part of a ReadProcessMemory or WriteProcessMemory request was completed. (0x12B)
[1219/142700.351:ERROR:process_memory_win.cc(73)] ReadMemory at 0x1ef5a887ff0 of 132 bytes failed: Only part of a ReadProcessMemory or WriteProcessMemory request was completed. (0x12B)
[1219/142700.351:ERROR:process_memory_win.cc(73)] ReadMemory at 0x1ef5a888180 of 132 bytes failed: Only part of a ReadProcessMemory or WriteProcessMemory request was completed. (0x12B)
[1219/142700.351:ERROR:process_memory_win.cc(73)] ReadMemory at 0x1ef5a888340 of 124 bytes failed: Only part of a ReadProcessMemory or WriteProcessMemory request was completed. (0x12B)
[1219/142700.351:ERROR:process_memory_win.cc(73)] ReadMemory at 0x1ef5a888720 of 132 bytes failed: Only part of a ReadProcessMemory or WriteProcessMemory request was completed. (0x12B)
[1219/142700.351:ERROR:process_memory_win.cc(73)] ReadMemory at 0x1ef5a8888b0 of 64 bytes failed: Only part of a ReadProcessMemory or WriteProcessMemory request was completed. (0x12B)
[1219/142700.352:ERROR:process_memory_win.cc(73)] ReadMemory at 0x1ef5a888900 of 132 bytes failed: Only part of a ReadProcessMemory or WriteProcessMemory request was completed. (0x12B)
[1219/142700.352:ERROR:process_memory_win.cc(73)] ReadMemory at 0x1ef5a888a70 of 132 bytes failed: Only part of a ReadProcessMemory or WriteProcessMemory request was completed. (0x12B)
[1219/142700.352:ERROR:process_memory_win.cc(73)] ReadMemory at 0x1ef5a888d10 of 132 bytes failed: Only part of a ReadProcessMemory or WriteProcessMemory request was completed. (0x12B)
[1219/142700.352:ERROR:process_memory_win.cc(73)] ReadMemory at 0x1ef5a888ea0 of 68 bytes failed: Only part of a ReadProcessMemory or WriteProcessMemory request was completed. (0x12B)
[1219/142700.352:ERROR:process_memory_win.cc(73)] ReadMemory at 0x1ef5a889fb0 of 132 bytes failed: Only part of a ReadProcessMemory or WriteProcessMemory request was completed. (0x12B)
[1219/142700.352:ERROR:process_memory_win.cc(73)] ReadMemory at 0x1ef5a88a140 of 152 bytes failed: Only part of a ReadProcessMemory or WriteProcessMemory request was completed. (0x12B)
[1219/142700.352:ERROR:process_memory_win.cc(73)] ReadMemory at 0x1ef5a88acda of 512 bytes failed: Only part of a ReadProcessMemory or WriteProcessMemory request was completed. (0x12B)
[1219/142700.352:ERROR:process_memory_win.cc(73)] ReadMemory at 0x1ef5a88c820 of 62 bytes failed: Only part of a ReadProcessMemory or WriteProcessMemory request was completed. (0x12B)
[1219/142700.352:ERROR:process_memory_win.cc(73)] ReadMemory at 0x1ef5a88c8a0 of 156 bytes failed: Only part of a ReadProcessMemory or WriteProcessMemory request was completed. (0x12B)
[1219/142700.353:ERROR:process_memory_win.cc(73)] ReadMemory at 0x1ef5a88c980 of 132 bytes failed: Only part of a ReadProcessMemory or WriteProcessMemory request was completed. (0x12B)
[1219/142700.353:ERROR:process_memory_win.cc(73)] ReadMemory at 0x1ef5a88cb10 of 60 bytes failed: Only part of a ReadProcessMemory or WriteProcessMemory request was completed. (0x12B)
[1219/142700.353:ERROR:process_memory_win.cc(73)] ReadMemory at 0x1ef5a88d2b0 of 132 bytes failed: Only part of a ReadProcessMemory or WriteProcessMemory request was completed. (0x12B)
[1219/142700.353:ERROR:process_memory_win.cc(73)] ReadMemory at 0x1ef5a890200 of 60 bytes failed: Only part of a ReadProcessMemory or WriteProcessMemory request was completed. (0x12B)
[1219/142700.353:ERROR:process_memory_win.cc(73)] ReadMemory at 0x1ef5a890250 of 64 bytes failed: Only part of a ReadProcessMemory or WriteProcessMemory request was completed. (0x12B)
[1219/142700.353:ERROR:process_memory_win.cc(73)] ReadMemory at 0x1ef5a8902a0 of 62 bytes failed: Only part of a ReadProcessMemory or WriteProcessMemory request was completed. (0x12B)
[1219/142700.353:ERROR:process_memory_win.cc(73)] ReadMemory at 0x1ef5a8903e0 of 64 bytes failed: Only part of a ReadProcessMemory or WriteProcessMemory request was completed. (0x12B)
[1219/142700.353:ERROR:process_memory_win.cc(73)] ReadMemory at 0x1ef5a890430 of 66 bytes failed: Only part of a ReadProcessMemory or WriteProcessMemory request was completed. (0x12B)
[1219/142700.353:ERROR:process_memory_win.cc(73)] ReadMemory at 0x1ef5a890480 of 60 bytes failed: Only part of a ReadProcessMemory or WriteProcessMemory request was completed. (0x12B)
[1219/142700.354:ERROR:process_memory_win.cc(73)] ReadMemory at 0x1ef5a890610 of 64 bytes failed: Only part of a ReadProcessMemory or WriteProcessMemory request was completed. (0x12B)
[1219/142700.354:ERROR:process_memory_win.cc(73)] ReadMemory at 0x1ef5a8906b0 of 62 bytes failed: Only part of a ReadProcessMemory or WriteProcessMemory request was completed. (0x12B)
[1219/142700.354:ERROR:process_memory_win.cc(73)] ReadMemory at 0x1ef5a890700 of 64 bytes failed: Only part of a ReadProcessMemory or WriteProcessMemory request was completed. (0x12B)
[1219/142700.354:ERROR:process_memory_win.cc(73)] ReadMemory at 0x1ef5a890a10 of 62 bytes failed: Only part of a ReadProcessMemory or WriteProcessMemory request was completed. (0x12B)
[1219/142700.354:ERROR:process_memory_win.cc(73)] ReadMemory at 0x1ef5a890ba0 of 62 bytes failed: Only part of a ReadProcessMemory or WriteProcessMemory request was completed. (0x12B)
[1219/142700.354:ERROR:process_memory_win.cc(73)] ReadMemory at 0x1ef5a890ce0 of 64 bytes failed: Only part of a ReadProcessMemory or WriteProcessMemory request was completed. (0x12B)
[1219/142700.354:ERROR:process_memory_win.cc(73)] ReadMemory at 0x1ef5a890d30 of 64 bytes failed: Only part of a ReadProcessMemory or WriteProcessMemory request was completed. (0x12B)
[1219/142700.354:ERROR:process_memory_win.cc(73)] ReadMemory at 0x1ef5a890d80 of 62 bytes failed: Only part of a ReadProcessMemory or WriteProcessMemory request was completed. (0x12B)
[1219/142700.354:ERROR:process_memory_win.cc(73)] ReadMemory at 0x1ef5a890fb0 of 62 bytes failed: Only part of a ReadProcessMemory or WriteProcessMemory request was completed. (0x12B)
[1219/142700.354:ERROR:process_memory_win.cc(73)] ReadMemory at 0x1ef5a891050 of 64 bytes failed: Only part of a ReadProcessMemory or WriteProcessMemory request was completed. (0x12B)
[1219/142700.354:ERROR:process_memory_win.cc(73)] ReadMemory at 0x1ef5a8910a0 of 58 bytes failed: Only part of a ReadProcessMemory or WriteProcessMemory request was completed. (0x12B)
[1219/142700.354:ERROR:process_memory_win.cc(73)] ReadMemory at 0x1ef5a8910f0 of 60 bytes failed: Only part of a ReadProcessMemory or WriteProcessMemory request was completed. (0x12B)
[1219/142700.355:ERROR:process_memory_win.cc(73)] ReadMemory at 0x1ef5a891140 of 64 bytes failed: Only part of a ReadProcessMemory or WriteProcessMemory request was completed. (0x12B)
[1219/142700.355:ERROR:process_memory_win.cc(73)] ReadMemory at 0x1ef5a8911e0 of 60 bytes failed: Only part of a ReadProcessMemory or WriteProcessMemory request was completed. (0x12B)
[1219/142700.355:ERROR:process_memory_win.cc(73)] ReadMemory at 0x1ef5a891410 of 62 bytes failed: Only part of a ReadProcessMemory or WriteProcessMemory request was completed. (0x12B)
[1219/142700.355:ERROR:process_memory_win.cc(73)] ReadMemory at 0x1ef5a891640 of 66 bytes failed: Only part of a ReadProcessMemory or WriteProcessMemory request was completed. (0x12B)
[1219/142700.355:ERROR:process_memory_win.cc(73)] ReadMemory at 0x1ef5a8916e0 of 62 bytes failed: Only part of a ReadProcessMemory or WriteProcessMemory request was completed. (0x12B)
[1219/142700.355:ERROR:process_memory_win.cc(73)] ReadMemory at 0x1ef5a8917d0 of 62 bytes failed: Only part of a ReadProcessMemory or WriteProcessMemory request was completed. (0x12B)
[1219/142700.355:ERROR:process_memory_win.cc(73)] ReadMemory at 0x1ef5a891820 of 60 bytes failed: Only part of a ReadProcessMemory or WriteProcessMemory request was completed. (0x12B)
[1219/142700.355:ERROR:process_memory_win.cc(73)] ReadMemory at 0x1ef5a8918c0 of 60 bytes failed: Only part of a ReadProcessMemory or WriteProcessMemory request was completed. (0x12B)
[1219/142700.355:ERROR:process_memory_win.cc(73)] ReadMemory at 0x1ef5a891910 of 62 bytes failed: Only part of a ReadProcessMemory or WriteProcessMemory request was completed. (0x12B)
[1219/142700.355:ERROR:process_memory_win.cc(73)] ReadMemory at 0x1ef5a8920a0 of 512 bytes failed: Only part of a ReadProcessMemory or WriteProcessMemory request was completed. (0x12B)
[1219/142700.355:ERROR:process_memory_win.cc(73)] ReadMemory at 0x1ef5a893d30 of 76 bytes failed: Only part of a ReadProcessMemory or WriteProcessMemory request was completed. (0x12B)
[1219/142700.355:ERROR:process_memory_win.cc(73)] ReadMemory at 0x1ef5a8954f0 of 132 bytes failed: Only part of a ReadProcessMemory or WriteProcessMemory request was completed. (0x12B)
[1219/142700.356:ERROR:process_memory_win.cc(73)] ReadMemory at 0x1ef5a8957b0 of 132 bytes failed: Only part of a ReadProcessMemory or WriteProcessMemory request was completed. (0x12B)
[1219/142700.356:ERROR:process_memory_win.cc(73)] ReadMemory at 0x1ef5a895cc0 of 132 bytes failed: Only part of a ReadProcessMemory or WriteProcessMemory request was completed. (0x12B)
[1219/142700.356:ERROR:process_memory_win.cc(73)] ReadMemory at 0x1ef5a896670 of 54 bytes failed: Only part of a ReadProcessMemory or WriteProcessMemory request was completed. (0x12B)
[1219/142700.356:ERROR:process_memory_win.cc(73)] ReadMemory at 0x1ef5a8984d0 of 132 bytes failed: Only part of a ReadProcessMemory or WriteProcessMemory request was completed. (0x12B)
[1219/142700.356:ERROR:process_memory_win.cc(73)] ReadMemory at 0x1ef5a898740 of 132 bytes failed: Only part of a ReadProcessMemory or WriteProcessMemory request was completed. (0x12B)
[1219/142700.356:ERROR:process_memory_win.cc(73)] ReadMemory at 0x1ef5a898870 of 132 bytes failed: Only part of a ReadProcessMemory or WriteProcessMemory request was completed. (0x12B)
[1219/142700.356:ERROR:process_memory_win.cc(73)] ReadMemory at 0x1ef5a89a7d0 of 132 bytes failed: Only part of a ReadProcessMemory or WriteProcessMemory request was completed. (0x12B)
[1219/142700.356:ERROR:process_memory_win.cc(73)] ReadMemory at 0x1ef5a89a900 of 132 bytes failed: Only part of a ReadProcessMemory or WriteProcessMemory request was completed. (0x12B)
[1219/142700.356:ERROR:process_memory_win.cc(73)] ReadMemory at 0x1ef5a89aa30 of 132 bytes failed: Only part of a ReadProcessMemory or WriteProcessMemory request was completed. (0x12B)
[1219/142700.356:ERROR:process_memory_win.cc(73)] ReadMemory at 0x1ef5a89ab60 of 132 bytes failed: Only part of a ReadProcessMemory or WriteProcessMemory request was completed. (0x12B)
[1219/142700.356:ERROR:process_memory_win.cc(73)] ReadMemory at 0x1ef5a89ac90 of 132 bytes failed: Only part of a ReadProcessMemory or WriteProcessMemory request was completed. (0x12B)
[1219/142700.356:ERROR:process_memory_win.cc(73)] ReadMemory at 0x1ef5a89adc0 of 132 bytes failed: Only part of a ReadProcessMemory or WriteProcessMemory request was completed. (0x12B)
[1219/142700.357:ERROR:process_memory_win.cc(73)] ReadMemory at 0x1ef5a89b020 of 132 bytes failed: Only part of a ReadProcessMemory or WriteProcessMemory request was completed. (0x12B)
[1219/142700.357:ERROR:process_memory_win.cc(73)] ReadMemory at 0x1ef5a89b150 of 132 bytes failed: Only part of a ReadProcessMemory or WriteProcessMemory request was completed. (0x12B)
[1219/142700.357:ERROR:process_memory_win.cc(73)] ReadMemory at 0x1ef5a89b280 of 132 bytes failed: Only part of a ReadProcessMemory or WriteProcessMemory request was completed. (0x12B)
[1219/142700.357:ERROR:process_memory_win.cc(73)] ReadMemory at 0x1ef5a89b4e0 of 132 bytes failed: Only part of a ReadProcessMemory or WriteProcessMemory request was completed. (0x12B)
[1219/142700.358:ERROR:process_memory_win.cc(73)] ReadMemory at 0x1ef5a89b740 of 132 bytes failed: Only part of a ReadProcessMemory or WriteProcessMemory request was completed. (0x12B)
[1219/142700.358:ERROR:process_memory_win.cc(73)] ReadMemory at 0x1ef5a89b9a0 of 132 bytes failed: Only part of a ReadProcessMemory or WriteProcessMemory request was completed. (0x12B)
[1219/142700.358:ERROR:process_memory_win.cc(73)] ReadMemory at 0x1ef5a89be60 of 132 bytes failed: Only part of a ReadProcessMemory or WriteProcessMemory request was completed. (0x12B)
[1219/142700.358:ERROR:process_memory_win.cc(73)] ReadMemory at 0x1ef5a89bf90 of 132 bytes failed: Only part of a ReadProcessMemory or WriteProcessMemory request was completed. (0x12B)
[1219/142700.358:ERROR:process_memory_win.cc(73)] ReadMemory at 0x1ef5a89c0c0 of 132 bytes failed: Only part of a ReadProcessMemory or WriteProcessMemory request was completed. (0x12B)
[1219/142700.358:ERROR:process_memory_win.cc(73)] ReadMemory at 0x1ef5a89c450 of 132 bytes failed: Only part of a ReadProcessMemory or WriteProcessMemory request was completed. (0x12B)
[1219/142700.358:ERROR:process_memory_win.cc(73)] ReadMemory at 0x1ef5a89d720 of 132 bytes failed: Only part of a ReadProcessMemory or WriteProcessMemory request was completed. (0x12B)
[1219/142700.358:ERROR:process_memory_win.cc(73)] ReadMemory at 0x1ef5a89d850 of 132 bytes failed: Only part of a ReadProcessMemory or WriteProcessMemory request was completed. (0x12B)
[1219/142700.358:ERROR:process_memory_win.cc(73)] ReadMemory at 0x1ef5a89dab0 of 132 bytes failed: Only part of a ReadProcessMemory or WriteProcessMemory request was completed. (0x12B)
[1219/142700.358:ERROR:process_memory_win.cc(73)] ReadMemory at 0x1ef5a89dbe0 of 132 bytes failed: Only part of a ReadProcessMemory or WriteProcessMemory request was completed. (0x12B)
[1219/142700.358:ERROR:process_memory_win.cc(73)] ReadMemory at 0x1ef5a89dd10 of 132 bytes failed: Only part of a ReadProcessMemory or WriteProcessMemory request was completed. (0x12B)
[1219/142700.358:ERROR:process_memory_win.cc(73)] ReadMemory at 0x1ef5a89e7f0 of 132 bytes failed: Only part of a ReadProcessMemory or WriteProcessMemory request was completed. (0x12B)
[1219/142700.358:ERROR:process_memory_win.cc(73)] ReadMemory at 0x1ef5a89eac0 of 132 bytes failed: Only part of a ReadProcessMemory or WriteProcessMemory request was completed. (0x12B)
[1219/142700.359:ERROR:process_memory_win.cc(73)] ReadMemory at 0x1ef5a89ff40 of 512 bytes failed: Only part of a ReadProcessMemory or WriteProcessMemory request was completed. (0x12B)
[1219/142700.359:ERROR:process_memory_win.cc(73)] ReadMemory at 0x1ef5aee1a70 of 512 bytes failed: Only part of a ReadProcessMemory or WriteProcessMemory request was completed. (0x12B)
[1219/142700.359:ERROR:process_memory_win.cc(73)] ReadMemory at 0x1ef5aee28b0 of 512 bytes failed: Only part of a ReadProcessMemory or WriteProcessMemory request was completed. (0x12B)
[1219/142700.359:ERROR:process_memory_win.cc(73)] ReadMemory at 0x1ef5aee2f80 of 512 bytes failed: Only part of a ReadProcessMemory or WriteProcessMemory request was completed. (0x12B)
[1219/142700.359:ERROR:process_memory_win.cc(73)] ReadMemory at 0x1ef5aee5980 of 512 bytes failed: Only part of a ReadProcessMemory or WriteProcessMemory request was completed. (0x12B)
[1219/142700.359:ERROR:process_memory_win.cc(73)] ReadMemory at 0x1ef5aef5420 of 512 bytes failed: Only part of a ReadProcessMemory or WriteProcessMemory request was completed. (0x12B)
[1219/142700.359:ERROR:process_memory_win.cc(73)] ReadMemory at 0x1ef5aefd180 of 712 bytes failed: Only part of a ReadProcessMemory or WriteProcessMemory request was completed. (0x12B)
[1219/142700.359:ERROR:process_memory_win.cc(73)] ReadMemory at 0x1ef5af3c998 of 512 bytes failed: Only part of a ReadProcessMemory or WriteProcessMemory request was completed. (0x12B)
[1219/142700.359:ERROR:process_memory_win.cc(73)] ReadMemory at 0x1ef5af5fe30 of 512 bytes failed: Only part of a ReadProcessMemory or WriteProcessMemory request was completed. (0x12B)
[1219/142700.359:ERROR:process_memory_win.cc(73)] ReadMemory at 0x1ef5af60370 of 512 bytes failed: Only part of a ReadProcessMemory or WriteProcessMemory request was completed. (0x12B)
[1219/142700.359:ERROR:process_memory_win.cc(73)] ReadMemory at 0x1ef5cc74b03 of 512 bytes failed: Only part of a ReadProcessMemory or WriteProcessMemory request was completed. (0x12B)
[1219/142700.359:ERROR:process_memory_win.cc(73)] ReadMemory at 0x1ef5cc7e330 of 512 bytes failed: Only part of a ReadProcessMemory or WriteProcessMemory request was completed. (0x12B)
[1219/142700.359:ERROR:process_memory_win.cc(73)] ReadMemory at 0x1ef5ccc0720 of 512 bytes failed: Only part of a ReadProcessMemory or WriteProcessMemory request was completed. (0x12B)
[1219/142700.360:ERROR:process_memory_win.cc(73)] ReadMemory at 0x1ef5ccdff68 of 512 bytes failed: Only part of a ReadProcessMemory or WriteProcessMemory request was completed. (0x12B)
[1219/142700.360:ERROR:process_memory_win.cc(73)] ReadMemory at 0x1ef5cce01a8 of 512 bytes failed: Only part of a ReadProcessMemory or WriteProcessMemory request was completed. (0x12B)
[1219/142700.360:ERROR:process_memory_win.cc(73)] ReadMemory at 0x1ef5cce0478 of 656 bytes failed: Only part of a ReadProcessMemory or WriteProcessMemory request was completed. (0x12B)
[1219/142700.360:ERROR:process_memory_win.cc(73)] ReadMemory at 0x1ef5cce0b38 of 512 bytes failed: Only part of a ReadProcessMemory or WriteProcessMemory request was completed. (0x12B)
[1219/142700.360:ERROR:process_memory_win.cc(73)] ReadMemory at 0x1ef5cce9f50 of 512 bytes failed: Only part of a ReadProcessMemory or WriteProcessMemory request was completed. (0x12B)
[1219/142700.360:ERROR:process_memory_win.cc(73)] ReadMemory at 0x1ef5ccedf50 of 512 bytes failed: Only part of a ReadProcessMemory or WriteProcessMemory request was completed. (0x12B)
[1219/142700.360:ERROR:process_memory_win.cc(73)] ReadMemory at 0x1ef5cdbf6e0 of 608 bytes failed: Only part of a ReadProcessMemory or WriteProcessMemory request was completed. (0x12B)
[1219/142700.360:ERROR:process_memory_win.cc(73)] ReadMemory at 0x1ef5cdbff20 of 800 bytes failed: Only part of a ReadProcessMemory or WriteProcessMemory request was completed. (0x12B)
[1219/142700.360:ERROR:process_memory_win.cc(73)] ReadMemory at 0x1ef5cdc05e0 of 608 bytes failed: Only part of a ReadProcessMemory or WriteProcessMemory request was completed. (0x12B)
[1219/142700.360:ERROR:process_memory_win.cc(73)] ReadMemory at 0x1ef5cdd7960 of 512 bytes failed: Only part of a ReadProcessMemory or WriteProcessMemory request was completed. (0x12B)
[1219/142700.360:ERROR:process_memory_win.cc(73)] ReadMemory at 0x1ef5cdd7d08 of 512 bytes failed: Only part of a ReadProcessMemory or WriteProcessMemory request was completed. (0x12B)
[1219/142700.360:ERROR:process_memory_win.cc(73)] ReadMemory at 0x1ef5ce4c1f8 of 512 bytes failed: Only part of a ReadProcessMemory or WriteProcessMemory request was completed. (0x12B)
[1219/142700.360:ERROR:process_memory_win.cc(73)] ReadMemory at 0x1ef5d1973f8 of 512 bytes failed: Only part of a ReadProcessMemory or WriteProcessMemory request was completed. (0x12B)
[1219/142700.361:ERROR:process_memory_win.cc(73)] ReadMemory at 0x475473c9e78 of 520 bytes failed: Only part of a ReadProcessMemory or WriteProcessMemory request was completed. (0x12B)
[1219/142700.361:ERROR:process_memory_win.cc(73)] ReadMemory at 0x475473e4638 of 512 bytes failed: Only part of a ReadProcessMemory or WriteProcessMemory request was completed. (0x12B)
[1219/142700.361:ERROR:process_memory_win.cc(73)] ReadMemory at 0x475473f3bc0 of 512 bytes failed: Only part of a ReadProcessMemory or WriteProcessMemory request was completed. (0x12B)
[1219/142700.361:ERROR:process_memory_win.cc(73)] ReadMemory at 0x7ff9290be558 of 512 bytes failed: Only part of a ReadProcessMemory or WriteProcessMemory request was completed. (0x12B)
[1219/142700.361:ERROR:process_memory_win.cc(73)] ReadMemory at 0x7ff92a66f7e2 of 512 bytes failed: Only part of a ReadProcessMemory or WriteProcessMemory request was completed. (0x12B)
[1219/142700.361:ERROR:process_memory_win.cc(73)] ReadMemory at 0x7ff92ab0ee1c of 512 bytes failed: Only part of a ReadProcessMemory or WriteProcessMemory request was completed. (0x12B)
[1219/142700.361:ERROR:process_memory_win.cc(73)] ReadMemory at 0x7ff92b27e6b8 of 553 bytes failed: Only part of a ReadProcessMemory or WriteProcessMemory request was completed. (0x12B)
[1219/142700.361:ERROR:process_memory_win.cc(73)] ReadMemory at 0x7ff99d17b6d0 of 512 bytes failed: Only part of a ReadProcessMemory or WriteProcessMemory request was completed. (0x12B)
[1219/142700.361:ERROR:process_memory_win.cc(73)] ReadMemory at 0x7ff99f172390 of 512 bytes failed: Only part of a ReadProcessMemory or WriteProcessMemory request was completed. (0x12B)
[1219/142700.361:ERROR:process_memory_win.cc(73)] ReadMemory at 0x7ff99f69c0c4 of 832 bytes failed: Only part of a ReadProcessMemory or WriteProcessMemory request was completed. (0x12B)
[1219/142700.361:ERROR:process_memory_win.cc(73)] ReadMemory at 0x7ff99f69f974 of 608 bytes failed: Only part of a ReadProcessMemory or WriteProcessMemory request was completed. (0x12B)
[1219/142700.361:ERROR:process_memory_win.cc(73)] ReadMemory at 0x7ff99f72c428 of 18 bytes failed: Only part of a ReadProcessMemory or WriteProcessMemory request was completed. (0x12B)
[1219/142700.361:ERROR:process_memory_win.cc(73)] ReadMemory at 0x7ff99f75f4f8 of 40 bytes failed: Only part of a ReadProcessMemory or WriteProcessMemory request was completed. (0x12B)
[1219/142700.362:ERROR:process_memory_win.cc(73)] ReadMemory at 0x7ff99f75f978 of 48 bytes failed: Only part of a ReadProcessMemory or WriteProcessMemory request was completed. (0x12B)
[1219/142700.362:ERROR:process_memory_win.cc(73)] ReadMemory at 0x7ff99f7653c0 of 64 bytes failed: Only part of a ReadProcessMemory or WriteProcessMemory request was completed. (0x12B)
[1219/142700.363:ERROR:scoped_process_suspend.cc(40)] NtResumeProcess: An attempt was made to access an exiting process. (0xc000010a)
